Change Component Designator: OldDesignator=D? NewDesignator=D1
Change Component Designator: OldDesignator=D? NewDesignator=D2
Change Component Designator: OldDesignator=D? NewDesignator=D3
Change Component Designator: OldDesignator=D? NewDesignator=D4
Change Component Designator: OldDesignator=D? NewDesignator=D6
Change Component Designator: OldDesignator=D? NewDesignator=D7
Change Component Designator: OldDesignator=D? NewDesignator=D10
Change Component Designator: OldDesignator=D? NewDesignator=D11
Change Component Designator: OldDesignator=D? NewDesignator=D15
Change Component Designator: OldDesignator=D? NewDesignator=D16
Change Component Designator: OldDesignator=J? NewDesignator=J3
Change Component Designator: OldDesignator=J? NewDesignator=J4
Change Component Designator: OldDesignator=J? NewDesignator=J5
Change Component Designator: OldDesignator=J? NewDesignator=J6
Change Component Designator: OldDesignator=J? NewDesignator=J7
Change Component Designator: OldDesignator=J? NewDesignator=J8
Change Component Designator: OldDesignator=J? NewDesignator=J9
Change Component Designator: OldDesignator=J? NewDesignator=J10
Change Component Designator: OldDesignator=JP? NewDesignator=JP1
Change Component Designator: OldDesignator=R? NewDesignator=R2
Change Component Designator: OldDesignator=R? NewDesignator=R3
Change Component Designator: OldDesignator=R? NewDesignator=R5
Change Component Designator: OldDesignator=R? NewDesignator=R6
Change Component Designator: OldDesignator=R? NewDesignator=R8
Change Component Designator: OldDesignator=R? NewDesignator=R9
Change Component Designator: OldDesignator=R? NewDesignator=R10
Change Component Designator: OldDesignator=R? NewDesignator=R13
Change Component Designator: OldDesignator=R? NewDesignator=R14
Change Component Designator: OldDesignator=R? NewDesignator=R16
Change Component Designator: OldDesignator=R? NewDesignator=R19
Change Component Designator: OldDesignator=R? NewDesignator=R20
Change Component Designator: OldDesignator=R? NewDesignator=R21
Change Component Designator: OldDesignator=R? NewDesignator=R23
Change Component Designator: OldDesignator=R? NewDesignator=R27
Change Component Designator: OldDesignator=R? NewDesignator=R28
Change Component Designator: OldDesignator=R? NewDesignator=R29
Change Component Designator: OldDesignator=R? NewDesignator=R30
Change Component Designator: OldDesignator=R? NewDesignator=R31
Change Component Designator: OldDesignator=R? NewDesignator=R35
Change Component Designator: OldDesignator=U? NewDesignator=U1
Change Component Designator: OldDesignator=U? NewDesignator=U2
Change Component Designator: OldDesignator=U? NewDesignator=U3
Change Component Designator: OldDesignator=U? NewDesignator=U5
Change Component Designator: OldDesignator=U? NewDesignator=U7
Change Net Name : Old Net Name=NetD?_1 New Net Name=NetD2_1
Change Net Name : Old Net Name=NetR?_1 New Net Name=NetR35_1
Added Pin To Net: NetName=NetD1_1 Pin=D1-1
Added Pin To Net: NetName=NetD1_1 Pin=R3-1
Added Net: Name=NetD1_1
Added Pin To Net: NetName=NetD3_1 Pin=D3-1
Added Pin To Net: NetName=NetD3_1 Pin=R8-2
Added Net: Name=NetD3_1
Added Pin To Net: NetName=NetD4_1 Pin=D4-1
Added Pin To Net: NetName=NetD4_1 Pin=R9-2
Added Net: Name=NetD4_1
Added Pin To Net: NetName=NetD6_1 Pin=D6-1
Added Pin To Net: NetName=NetD6_1 Pin=R14-1
Added Net: Name=NetD6_1
Added Pin To Net: NetName=NetD7_1 Pin=D7-1
Added Pin To Net: NetName=NetD7_1 Pin=R13-1
Added Net: Name=NetD7_1
Added Pin To Net: NetName=NetD10_1 Pin=D10-1
Added Pin To Net: NetName=NetD10_1 Pin=R20-2
Added Net: Name=NetD10_1
Added Pin To Net: NetName=NetD11_1 Pin=D11-1
Added Pin To Net: NetName=NetD11_1 Pin=R21-2
Added Net: Name=NetD11_1
Added Pin To Net: NetName=NetD15_1 Pin=D15-1
Added Pin To Net: NetName=NetD15_1 Pin=R27-1
Added Net: Name=NetD15_1
Added Pin To Net: NetName=NetD16_1 Pin=D16-1
Added Pin To Net: NetName=NetD16_1 Pin=R28-1
Added Net: Name=NetD16_1
Added Pin To Net: NetName=NetR5_1 Pin=R5-1
Added Pin To Net: NetName=NetR5_1 Pin=U1-1
Added Net: Name=NetR5_1
Added Pin To Net: NetName=NetR6_1 Pin=R6-1
Added Pin To Net: NetName=NetR6_1 Pin=U1-4
Added Net: Name=NetR6_1
Added Pin To Net: NetName=NetR10_1 Pin=R10-1
Added Pin To Net: NetName=NetR10_1 Pin=U2-2
Added Net: Name=NetR10_1
Added Pin To Net: NetName=NetR16_1 Pin=R16-1
Added Pin To Net: NetName=NetR16_1 Pin=U3-1
Added Net: Name=NetR16_1
Added Pin To Net: NetName=NetR19_1 Pin=R19-1
Added Pin To Net: NetName=NetR19_1 Pin=U3-4
Added Net: Name=NetR19_1
Added Pin To Net: NetName=NetR23_1 Pin=R23-1
Added Pin To Net: NetName=NetR23_1 Pin=U5-2
Added Net: Name=NetR23_1
Added Pin To Net: NetName=NetR31_1 Pin=R31-1
Added Pin To Net: NetName=NetR31_1 Pin=U7-1
Added Net: Name=NetR31_1
Added Member To Class: ClassName=Zigbee Member=Component D1 LED
Added Member To Class: ClassName=Zigbee Member=Component D3 LED
Added Member To Class: ClassName=Zigbee Member=Component D4 LED
Added Member To Class: ClassName=Zigbee Member=Component D6 LED
Added Member To Class: ClassName=Zigbee Member=Component D7 LED
Added Member To Class: ClassName=Zigbee Member=Component D10 LED
Added Member To Class: ClassName=Zigbee Member=Component D11 LED
Added Member To Class: ClassName=Zigbee Member=Component D15 LED
Added Member To Class: ClassName=Zigbee Member=Component D16 LED
Added Member To Class: ClassName=Zigbee Member=Component J3 COM_2
Added Member To Class: ClassName=Zigbee Member=Component J4 COM_2
Added Member To Class: ClassName=Zigbee Member=Component J5 COM_2
Added Member To Class: ClassName=Zigbee Member=Component J7 COM_2
Added Member To Class: ClassName=Zigbee Member=Component J8 COM_2
Added Member To Class: ClassName=Zigbee Member=Component J9 COM_2
Added Member To Class: ClassName=Zigbee Member=Component J10 COM_2
Added Member To Class: ClassName=Zigbee Member=Component R2 2K
Added Member To Class: ClassName=Zigbee Member=Component R3 2K
Added Member To Class: ClassName=Zigbee Member=Component R5 180R
Added Member To Class: ClassName=Zigbee Member=Component R6 180R
Added Member To Class: ClassName=Zigbee Member=Component R8 1K
Added Member To Class: ClassName=Zigbee Member=Component R9 1K
Added Member To Class: ClassName=Zigbee Member=Component R13 2K
Added Member To Class: ClassName=Zigbee Member=Component R14 2K
Added Member To Class: ClassName=Zigbee Member=Component R16 180R
Added Member To Class: ClassName=Zigbee Member=Component R19 180R
Added Member To Class: ClassName=Zigbee Member=Component R20 1K
Added Member To Class: ClassName=Zigbee Member=Component R21 1K
Added Member To Class: ClassName=Zigbee Member=Component R23 180R
Added Member To Class: ClassName=Zigbee Member=Component R27 1K
Added Member To Class: ClassName=Zigbee Member=Component R28 1K
Added Member To Class: ClassName=Zigbee Member=Component R29 4.7K
Added Member To Class: ClassName=Zigbee Member=Component R30 4.7K
Added Member To Class: ClassName=Zigbee Member=Component R31 2K
Added Member To Class: ClassName=Zigbee Member=Component R35 2K
Added Member To Class: ClassName=Zigbee Member=Component U1 HCPL-2531
Added Member To Class: ClassName=Zigbee Member=Component U3 HCPL-2531
Added Member To Class: ClassName=Zigbee Member=Component U5 6N137
Added Member To Class: ClassName=Zigbee Member=Component U7 HCPL-2531
