Removed Pin From Net: NetName=PUL_OUT_1 Pin=D1-2
Removed Pin From Net: NetName=DIR_OUT_1 Pin=D2-2
Removed Pin From Net: NetName=PUL_OUT_2 Pin=D6-2
Removed Pin From Net: NetName=DIR_OUT_2 Pin=D7-2
Removed Pin From Net: NetName=DIR_IN_1 Pin=U1-2
Removed Pin From Net: NetName=PUL_IN_1 Pin=U1-3
Removed Pin From Net: NetName=PUL_OUT_1 Pin=U1-6
Removed Pin From Net: NetName=DIR_OUT_1 Pin=U1-7
Removed Pin From Net: NetName=DIR_IN_2 Pin=U3-2
Removed Pin From Net: NetName=PUL_IN_2 Pin=U3-3
Removed Pin From Net: NetName=PUL_OUT_2 Pin=U3-6
Removed Pin From Net: NetName=DIR_OUT_2 Pin=U3-7
Added Pin To Net: NetName=DIR_OUT_1 Pin=D1-2
Added Pin To Net: NetName=PUL_OUT_1 Pin=D2-2
Added Pin To Net: NetName=DIR_OUT_2 Pin=D6-2
Added Pin To Net: NetName=PUL_OUT_2 Pin=D7-2
Added Pin To Net: NetName=PUL_IN_1 Pin=U1-2
Added Pin To Net: NetName=DIR_IN_1 Pin=U1-3
Added Pin To Net: NetName=DIR_OUT_1 Pin=U1-6
Added Pin To Net: NetName=PUL_OUT_1 Pin=U1-7
Added Pin To Net: NetName=PUL_IN_2 Pin=U3-2
Added Pin To Net: NetName=DIR_IN_2 Pin=U3-3
Added Pin To Net: NetName=DIR_OUT_2 Pin=U3-6
Added Pin To Net: NetName=PUL_OUT_2 Pin=U3-7
