Removed Pin From Net: NetName=5V_路燭 Pin=JP1-1
Removed Pin From Net: NetName=PUL_OUT_1 Pin=JP1-2
Removed Pin From Net: NetName=DIR_OUT_1 Pin=JP1-3
Removed Pin From Net: NetName=EN_OUT_1 Pin=JP1-4
Removed Pin From Net: NetName=48V_MOTOR1 Pin=JP2-1
Removed Pin From Net: NetName=AGND Pin=JP2-2
Removed Pin From Net: NetName=5V_路燭 Pin=JP3-1
Removed Pin From Net: NetName=PUL_OUT_2 Pin=JP3-2
Removed Pin From Net: NetName=DIR_OUT_2 Pin=JP3-3
Removed Pin From Net: NetName=EN_OUT_2 Pin=JP3-4
Removed Pin From Net: NetName=48V_MOTOR2 Pin=JP4-1
Removed Pin From Net: NetName=AGND Pin=JP4-2
Removed Pin From Net: NetName=5V_路燭 Pin=JP5-1
Removed Pin From Net: NetName=WXY31_A_IN Pin=JP5-2
Removed Pin From Net: NetName=WXY31_B_IN Pin=JP5-3
Removed Pin From Net: NetName=GND_路燭 Pin=JP5-4
Removed Member From Class: ClassName=Zigbee Member=JP1
Removed Member From Class: ClassName=Zigbee Member=JP2
Removed Member From Class: ClassName=Zigbee Member=JP3
Removed Member From Class: ClassName=Zigbee Member=JP4
Removed Member From Class: ClassName=Zigbee Member=JP5
Added Component: Designator=D?(0603_LED)
Add component. Clean all parameters for all variants
Added Component: Designator=D?(0603_LED)
Add component. Clean all parameters for all variants
Added Component: Designator=D?(0603_LED)
Add component. Clean all parameters for all variants
Added Component: Designator=D?(0603_LED)
Add component. Clean all parameters for all variants
Added Component: Designator=D?(0603_LED)
Add component. Clean all parameters for all variants
Added Component: Designator=D?(0603_LED)
Add component. Clean all parameters for all variants
Added Component: Designator=D?(0603_LED)
Add component. Clean all parameters for all variants
Added Component: Designator=D?(0603_LED)
Add component. Clean all parameters for all variants
Added Component: Designator=D?(0603_LED)
Add component. Clean all parameters for all variants
Added Component: Designator=D?(0603_LED)
Add component. Clean all parameters for all variants
Added Component: Designator=J?(HEADER_2P_3.5mm)
Add component. Clean all parameters for all variants
Added Component: Designator=J?(HEADER_2P_3.5mm)
Add component. Clean all parameters for all variants
Added Component: Designator=J?(HEADER_2P_3.5mm)
Add component. Clean all parameters for all variants
Added Component: Designator=J?(HEADER_2P_3.5mm)
Add component. Clean all parameters for all variants
Added Component: Designator=J?(HEADER_2P_3.5mm)
Add component. Clean all parameters for all variants
Added Component: Designator=J?(HEADER_2P_3.5mm)
Add component. Clean all parameters for all variants
Added Component: Designator=J?(HEADER_2P_3.5mm)
Add component. Clean all parameters for all variants
Added Component: Designator=J?(HEADER_2P_3.5mm)
Add component. Clean all parameters for all variants
Added Component: Designator=JP?(header4)
Add component. Clean all parameters for all variants
Added Component: Designator=R?(0603_R)
Add component. Clean all parameters for all variants
Add component (AddParameter): Name = "Published"; Value = "8-Jun-2000"; VariantName = "[No Variations]"
Add component (AddParameter): Name = "Publisher"; Value = "Altium Limited"; VariantName = "[No Variations]"
Add component (AddParameter): Name = "Revision"; Value = "July-2002: Re-released for DXP Platform."; VariantName = "[No Variations]"
Add component (AddParameter): Name = "Value"; Value = "1K"; VariantName = "[No Variations]"
Added Component: Designator=R?(0603_R)
Add component. Clean all parameters for all variants
Add component (AddParameter): Name = "Published"; Value = "8-Jun-2000"; VariantName = "[No Variations]"
Add component (AddParameter): Name = "Publisher"; Value = "Altium Limited"; VariantName = "[No Variations]"
Add component (AddParameter): Name = "Revision"; Value = "July-2002: Re-released for DXP Platform."; VariantName = "[No Variations]"
Add component (AddParameter): Name = "Value"; Value = "1K"; VariantName = "[No Variations]"
Added Component: Designator=R?(0603_R)
Add component. Clean all parameters for all variants
Add component (AddParameter): Name = "Published"; Value = "8-Jun-2000"; VariantName = "[No Variations]"
Add component (AddParameter): Name = "Publisher"; Value = "Altium Limited"; VariantName = "[No Variations]"
Add component (AddParameter): Name = "Revision"; Value = "July-2002: Re-released for DXP Platform."; VariantName = "[No Variations]"
Add component (AddParameter): Name = "Value"; Value = "1K"; VariantName = "[No Variations]"
Added Component: Designator=R?(0603_R)
Add component. Clean all parameters for all variants
Add component (AddParameter): Name = "Published"; Value = "8-Jun-2000"; VariantName = "[No Variations]"
Add component (AddParameter): Name = "Publisher"; Value = "Altium Limited"; VariantName = "[No Variations]"
Add component (AddParameter): Name = "Revision"; Value = "July-2002: Re-released for DXP Platform."; VariantName = "[No Variations]"
Add component (AddParameter): Name = "Value"; Value = "1K"; VariantName = "[No Variations]"
Added Component: Designator=R?(0603_R)
Add component. Clean all parameters for all variants
Add component (AddParameter): Name = "Published"; Value = "8-Jun-2000"; VariantName = "[No Variations]"
Add component (AddParameter): Name = "Publisher"; Value = "Altium Limited"; VariantName = "[No Variations]"
Add component (AddParameter): Name = "Revision"; Value = "July-2002: Re-released for DXP Platform."; VariantName = "[No Variations]"
Add component (AddParameter): Name = "Value"; Value = "1K"; VariantName = "[No Variations]"
Added Component: Designator=R?(0603_R)
Add component. Clean all parameters for all variants
Add component (AddParameter): Name = "Published"; Value = "8-Jun-2000"; VariantName = "[No Variations]"
Add component (AddParameter): Name = "Publisher"; Value = "Altium Limited"; VariantName = "[No Variations]"
Add component (AddParameter): Name = "Revision"; Value = "July-2002: Re-released for DXP Platform."; VariantName = "[No Variations]"
Add component (AddParameter): Name = "Value"; Value = "1K"; VariantName = "[No Variations]"
Added Component: Designator=R?(0603_R)
Add component. Clean all parameters for all variants
Add component (AddParameter): Name = "Published"; Value = "8-Jun-2000"; VariantName = "[No Variations]"
Add component (AddParameter): Name = "Publisher"; Value = "Altium Limited"; VariantName = "[No Variations]"
Add component (AddParameter): Name = "Revision"; Value = "July-2002: Re-released for DXP Platform."; VariantName = "[No Variations]"
Add component (AddParameter): Name = "Value"; Value = "1K"; VariantName = "[No Variations]"
Added Component: Designator=R?(0603_R)
Add component. Clean all parameters for all variants
Add component (AddParameter): Name = "Published"; Value = "8-Jun-2000"; VariantName = "[No Variations]"
Add component (AddParameter): Name = "Publisher"; Value = "Altium Limited"; VariantName = "[No Variations]"
Add component (AddParameter): Name = "Revision"; Value = "July-2002: Re-released for DXP Platform."; VariantName = "[No Variations]"
Add component (AddParameter): Name = "Value"; Value = "1K"; VariantName = "[No Variations]"
Added Component: Designator=R?(0603_R)
Add component. Clean all parameters for all variants
Add component (AddParameter): Name = "Published"; Value = "8-Jun-2000"; VariantName = "[No Variations]"
Add component (AddParameter): Name = "Publisher"; Value = "Altium Limited"; VariantName = "[No Variations]"
Add component (AddParameter): Name = "Revision"; Value = "July-2002: Re-released for DXP Platform."; VariantName = "[No Variations]"
Add component (AddParameter): Name = "Value"; Value = "1K"; VariantName = "[No Variations]"
Added Component: Designator=R?(0603_R)
Add component. Clean all parameters for all variants
Add component (AddParameter): Name = "Published"; Value = "8-Jun-2000"; VariantName = "[No Variations]"
Add component (AddParameter): Name = "Publisher"; Value = "Altium Limited"; VariantName = "[No Variations]"
Add component (AddParameter): Name = "Revision"; Value = "July-2002: Re-released for DXP Platform."; VariantName = "[No Variations]"
Add component (AddParameter): Name = "Value"; Value = "1K"; VariantName = "[No Variations]"
Added Component: Designator=R?(0603_R)
Add component. Clean all parameters for all variants
Add component (AddParameter): Name = "Published"; Value = "8-Jun-2000"; VariantName = "[No Variations]"
Add component (AddParameter): Name = "Publisher"; Value = "Altium Limited"; VariantName = "[No Variations]"
Add component (AddParameter): Name = "Revision"; Value = "July-2002: Re-released for DXP Platform."; VariantName = "[No Variations]"
Add component (AddParameter): Name = "Value"; Value = "1K"; VariantName = "[No Variations]"
Added Component: Designator=R?(0603_R)
Add component. Clean all parameters for all variants
Add component (AddParameter): Name = "Published"; Value = "8-Jun-2000"; VariantName = "[No Variations]"
Add component (AddParameter): Name = "Publisher"; Value = "Altium Limited"; VariantName = "[No Variations]"
Add component (AddParameter): Name = "Revision"; Value = "July-2002: Re-released for DXP Platform."; VariantName = "[No Variations]"
Add component (AddParameter): Name = "Value"; Value = "1K"; VariantName = "[No Variations]"
Added Component: Designator=R?(0603_R)
Add component. Clean all parameters for all variants
Add component (AddParameter): Name = "Published"; Value = "8-Jun-2000"; VariantName = "[No Variations]"
Add component (AddParameter): Name = "Publisher"; Value = "Altium Limited"; VariantName = "[No Variations]"
Add component (AddParameter): Name = "Revision"; Value = "July-2002: Re-released for DXP Platform."; VariantName = "[No Variations]"
Add component (AddParameter): Name = "Value"; Value = "1K"; VariantName = "[No Variations]"
Added Component: Designator=R?(0603_R)
Add component. Clean all parameters for all variants
Add component (AddParameter): Name = "Published"; Value = "8-Jun-2000"; VariantName = "[No Variations]"
Add component (AddParameter): Name = "Publisher"; Value = "Altium Limited"; VariantName = "[No Variations]"
Add component (AddParameter): Name = "Revision"; Value = "July-2002: Re-released for DXP Platform."; VariantName = "[No Variations]"
Add component (AddParameter): Name = "Value"; Value = "1K"; VariantName = "[No Variations]"
Added Component: Designator=R?(0603_R)
Add component. Clean all parameters for all variants
Add component (AddParameter): Name = "Published"; Value = "8-Jun-2000"; VariantName = "[No Variations]"
Add component (AddParameter): Name = "Publisher"; Value = "Altium Limited"; VariantName = "[No Variations]"
Add component (AddParameter): Name = "Revision"; Value = "July-2002: Re-released for DXP Platform."; VariantName = "[No Variations]"
Add component (AddParameter): Name = "Value"; Value = "1K"; VariantName = "[No Variations]"
Added Component: Designator=R?(0603_R)
Add component. Clean all parameters for all variants
Add component (AddParameter): Name = "Published"; Value = "8-Jun-2000"; VariantName = "[No Variations]"
Add component (AddParameter): Name = "Publisher"; Value = "Altium Limited"; VariantName = "[No Variations]"
Add component (AddParameter): Name = "Revision"; Value = "July-2002: Re-released for DXP Platform."; VariantName = "[No Variations]"
Add component (AddParameter): Name = "Value"; Value = "1K"; VariantName = "[No Variations]"
Added Component: Designator=R?(0603_R)
Add component. Clean all parameters for all variants
Add component (AddParameter): Name = "Published"; Value = "8-Jun-2000"; VariantName = "[No Variations]"
Add component (AddParameter): Name = "Publisher"; Value = "Altium Limited"; VariantName = "[No Variations]"
Add component (AddParameter): Name = "Revision"; Value = "July-2002: Re-released for DXP Platform."; VariantName = "[No Variations]"
Add component (AddParameter): Name = "Value"; Value = "1K"; VariantName = "[No Variations]"
Added Component: Designator=R?(0603_R)
Add component. Clean all parameters for all variants
Add component (AddParameter): Name = "Published"; Value = "8-Jun-2000"; VariantName = "[No Variations]"
Add component (AddParameter): Name = "Publisher"; Value = "Altium Limited"; VariantName = "[No Variations]"
Add component (AddParameter): Name = "Revision"; Value = "July-2002: Re-released for DXP Platform."; VariantName = "[No Variations]"
Add component (AddParameter): Name = "Value"; Value = "1K"; VariantName = "[No Variations]"
Added Component: Designator=R?(0603_R)
Add component. Clean all parameters for all variants
Add component (AddParameter): Name = "Published"; Value = "8-Jun-2000"; VariantName = "[No Variations]"
Add component (AddParameter): Name = "Publisher"; Value = "Altium Limited"; VariantName = "[No Variations]"
Add component (AddParameter): Name = "Revision"; Value = "July-2002: Re-released for DXP Platform."; VariantName = "[No Variations]"
Add component (AddParameter): Name = "Value"; Value = "1K"; VariantName = "[No Variations]"
Added Component: Designator=R?(0603_R)
Add component. Clean all parameters for all variants
Add component (AddParameter): Name = "Published"; Value = "8-Jun-2000"; VariantName = "[No Variations]"
Add component (AddParameter): Name = "Publisher"; Value = "Altium Limited"; VariantName = "[No Variations]"
Add component (AddParameter): Name = "Revision"; Value = "July-2002: Re-released for DXP Platform."; VariantName = "[No Variations]"
Add component (AddParameter): Name = "Value"; Value = "1K"; VariantName = "[No Variations]"
Added Component: Designator=U?(SOP8)
Add component. Clean all parameters for all variants
Added Component: Designator=U?(SOP8)
Add component. Clean all parameters for all variants
Added Component: Designator=U?(SOP8)
Add component. Clean all parameters for all variants
Added Component: Designator=U?(SOP8)
Add component. Clean all parameters for all variants
Added Component: Designator=U?(SOP8)
Add component. Clean all parameters for all variants
Added Pin To Net: NetName=5V_路燭 Pin=D?-2
Added Pin To Net: NetName=DIR_OUT_1 Pin=D?-2
Added Pin To Net: NetName=DIR_OUT_2 Pin=D?-2
Added Pin To Net: NetName=EN_OUT_1 Pin=D?-2
Added Pin To Net: NetName=EN_OUT_2 Pin=D?-2
Added Pin To Net: NetName=GND_路燭 Pin=D?-2
Added Pin To Net: NetName=PUL_OUT_1 Pin=D?-2
Added Pin To Net: NetName=PUL_OUT_2 Pin=D?-2
Added Pin To Net: NetName=5V Pin=J?-1
Added Pin To Net: NetName=5V Pin=J?-1
Added Pin To Net: NetName=5V Pin=J?-1
Added Pin To Net: NetName=5V Pin=J?-1
Added Pin To Net: NetName=5V Pin=J?-1
Added Pin To Net: NetName=5V Pin=J?-1
Added Pin To Net: NetName=48V_MOTOR1 Pin=J?-1
Added Pin To Net: NetName=48V_MOTOR2 Pin=J?-1
Added Pin To Net: NetName=AGND Pin=J?-2
Added Pin To Net: NetName=AGND Pin=J?-2
Added Pin To Net: NetName=DIR_OUT_1 Pin=J?-2
Added Pin To Net: NetName=DIR_OUT_2 Pin=J?-2
Added Pin To Net: NetName=EN_OUT_1 Pin=J?-2
Added Pin To Net: NetName=EN_OUT_2 Pin=J?-2
Added Pin To Net: NetName=PUL_OUT_1 Pin=J?-2
Added Pin To Net: NetName=PUL_OUT_2 Pin=J?-2
Added Pin To Net: NetName=5V Pin=JP?-1
Added Pin To Net: NetName=WXY31_A_IN Pin=JP?-2
Added Pin To Net: NetName=WXY31_B_IN Pin=JP?-3
Added Pin To Net: NetName=GND Pin=JP?-4
Added Pin To Net: NetName=3V3 Pin=R?-1
Added Pin To Net: NetName=3V3 Pin=R?-1
Added Pin To Net: NetName=5V_路燭 Pin=R?-1
Added Pin To Net: NetName=5V Pin=R?-1
Added Pin To Net: NetName=5V Pin=R?-1
Added Pin To Net: NetName=GND_路燭 Pin=R?-1
Added Pin To Net: NetName=3V3 Pin=R?-2
Added Pin To Net: NetName=3V3 Pin=R?-2
Added Pin To Net: NetName=3V3 Pin=R?-2
Added Pin To Net: NetName=3V3 Pin=R?-2
Added Pin To Net: NetName=3V3 Pin=R?-2
Added Pin To Net: NetName=3V3 Pin=R?-2
Added Pin To Net: NetName=3V3 Pin=R?-2
Added Pin To Net: NetName=3V3 Pin=R?-2
Added Pin To Net: NetName=3V3 Pin=R?-2
Added Pin To Net: NetName=3V3 Pin=R?-2
Added Pin To Net: NetName=5V Pin=R?-2
Added Pin To Net: NetName=5V Pin=R?-2
Added Pin To Net: NetName=5V Pin=R?-2
Added Pin To Net: NetName=5V Pin=R?-2
Added Pin To Net: NetName=5V Pin=R?-2
Added Pin To Net: NetName=5V Pin=R?-2
Added Pin To Net: NetName=WXY31_A_IN Pin=U?-2
Added Pin To Net: NetName=WXY31_B_IN Pin=U?-3
Added Pin To Net: NetName=GND Pin=U?-5
Added Pin To Net: NetName=GND Pin=U?-5
Added Pin To Net: NetName=GND Pin=U?-5
Added Pin To Net: NetName=GND Pin=U?-5
Added Pin To Net: NetName=GND Pin=U?-5
Added Pin To Net: NetName=5V_路燭 Pin=U?-6
Added Pin To Net: NetName=EN_OUT_1 Pin=U?-6
Added Pin To Net: NetName=EN_OUT_2 Pin=U?-6
Added Pin To Net: NetName=PUL_OUT_1 Pin=U?-6
Added Pin To Net: NetName=PUL_OUT_2 Pin=U?-6
Added Pin To Net: NetName=5V Pin=U?-7
Added Pin To Net: NetName=5V Pin=U?-7
Added Pin To Net: NetName=DIR_OUT_1 Pin=U?-7
Added Pin To Net: NetName=DIR_OUT_2 Pin=U?-7
Added Pin To Net: NetName=GND_路燭 Pin=U?-7
Added Pin To Net: NetName=3V3 Pin=U?-8
Added Pin To Net: NetName=5V Pin=U?-8
Added Pin To Net: NetName=5V Pin=U?-8
Added Pin To Net: NetName=5V Pin=U?-8
Added Pin To Net: NetName=5V Pin=U?-8
Change Net Name : Old Net Name=5V_路燭 New Net Name=WXY31_B_OUT
Change Net Name : Old Net Name=GND_路燭 New Net Name=WXY31_A_OUT
Added Pin To Net: NetName=DIR_IN_1 Pin=U?-2
Added Net: Name=DIR_IN_1
Added Pin To Net: NetName=DIR_IN_2 Pin=U?-2
Added Net: Name=DIR_IN_2
Added Pin To Net: NetName=EN_IN_1 Pin=D?-2
Added Pin To Net: NetName=EN_IN_1 Pin=U?-3
Added Net: Name=EN_IN_1
Added Pin To Net: NetName=EN_IN_2 Pin=D?-2
Added Pin To Net: NetName=EN_IN_2 Pin=U?-3
Added Net: Name=EN_IN_2
Added Pin To Net: NetName=NetD?_1 Pin=D?-1
Added Pin To Net: NetName=NetD?_1 Pin=R?-1
Added Net: Name=NetD?_1
Added Pin To Net: NetName=NetR?_1 Pin=R?-1
Added Pin To Net: NetName=NetR?_1 Pin=U?-4
Added Net: Name=NetR?_1
Added Pin To Net: NetName=PUL_IN_1 Pin=U?-3
Added Net: Name=PUL_IN_1
Added Pin To Net: NetName=PUL_IN_2 Pin=U?-3
Added Net: Name=PUL_IN_2
Added Member To Class: ClassName=Zigbee Member=Component D? LED
Added Member To Class: ClassName=Zigbee Member=Component D? LED
Added Member To Class: ClassName=Zigbee Member=Component D? LED
Added Member To Class: ClassName=Zigbee Member=Component D? LED
Added Member To Class: ClassName=Zigbee Member=Component D? LED
Added Member To Class: ClassName=Zigbee Member=Component D? LED
Added Member To Class: ClassName=Zigbee Member=Component D? LED
Added Member To Class: ClassName=Zigbee Member=Component D? LED
Added Member To Class: ClassName=Zigbee Member=Component D? LED
Added Member To Class: ClassName=Zigbee Member=Component D? LED
Added Member To Class: ClassName=Zigbee Member=Component J? COM_2
Added Member To Class: ClassName=Zigbee Member=Component J? COM_2
Added Member To Class: ClassName=Zigbee Member=Component J? COM_2
Added Member To Class: ClassName=Zigbee Member=Component J? COM_2
Added Member To Class: ClassName=Zigbee Member=Component J? COM_2
Added Member To Class: ClassName=Zigbee Member=Component J? COM_2
Added Member To Class: ClassName=Zigbee Member=Component J? COM_2
Added Member To Class: ClassName=Zigbee Member=Component J? COM_2
Added Member To Class: ClassName=Zigbee Member=Component JP? header
Added Member To Class: ClassName=Zigbee Member=Component R? 180R
Added Member To Class: ClassName=Zigbee Member=Component R? 1K
Added Member To Class: ClassName=Zigbee Member=Component R? 180R
Added Member To Class: ClassName=Zigbee Member=Component R? 180R
Added Member To Class: ClassName=Zigbee Member=Component R? 2K
Added Member To Class: ClassName=Zigbee Member=Component R? 2K
Added Member To Class: ClassName=Zigbee Member=Component R? 1K
Added Member To Class: ClassName=Zigbee Member=Component R? 180R
Added Member To Class: ClassName=Zigbee Member=Component R? 1K
Added Member To Class: ClassName=Zigbee Member=Component R? 180R
Added Member To Class: ClassName=Zigbee Member=Component R? 180R
Added Member To Class: ClassName=Zigbee Member=Component R? 2K
Added Member To Class: ClassName=Zigbee Member=Component R? 2K
Added Member To Class: ClassName=Zigbee Member=Component R? 1K
Added Member To Class: ClassName=Zigbee Member=Component R? 2K
Added Member To Class: ClassName=Zigbee Member=Component R? 2K
Added Member To Class: ClassName=Zigbee Member=Component R? 4.7K
Added Member To Class: ClassName=Zigbee Member=Component R? 4.7K
Added Member To Class: ClassName=Zigbee Member=Component R? 1K
Added Member To Class: ClassName=Zigbee Member=Component R? 1K
Added Member To Class: ClassName=Zigbee Member=Component U? 6N137
Added Member To Class: ClassName=Zigbee Member=Component U? HCPL-2531
Added Member To Class: ClassName=Zigbee Member=Component U? 6N137
Added Member To Class: ClassName=Zigbee Member=Component U? HCPL-2531
Added Member To Class: ClassName=Zigbee Member=Component U? HCPL-2531
