Added Component: Designator=1(F407VGT6µ××ù·â×°)
Add component. Clean all parameters for all variants
Added Pin To Net: NetName=DIR_IN_1 Pin=1-1
Added Pin To Net: NetName=DIR_IN_2 Pin=1-3
Added Pin To Net: NetName=EN_IN_1 Pin=1-4
Added Pin To Net: NetName=EN_IN_2 Pin=1-6
Added Pin To Net: NetName=GND Pin=1-13
Added Pin To Net: NetName=3V3 Pin=1-14
Added Pin To Net: NetName=485_RXD Pin=1-19
Added Pin To Net: NetName=485_TXD Pin=1-20
Added Pin To Net: NetName=Li_BATTERY_OUT Pin=1-21
Added Pin To Net: NetName=DYLF_102_OUT Pin=1-22
Added Pin To Net: NetName=WXY31_A_OUT Pin=1-23
Added Pin To Net: NetName=WXY31_B_OUT Pin=1-24
Added Pin To Net: NetName=PUL_IN_1 Pin=1-34
Added Pin To Net: NetName=485_DIR Pin=1-44
Added Pin To Net: NetName=PUL_IN_2 Pin=1-67
Added Pin To Net: NetName=MOTOR2_POWER_CTRL Pin=1-75
Added Pin To Net: NetName=MOTOR1_POWER_CTRL Pin=1-76
Added Member To Class: ClassName=Zigbee Member=Component 1 F407VGT6µ××ù·â×°
