Removed Pin From Net: NetName=0-10V Pin=J1-1
Removed Pin From Net: NetName=GND Pin=J1-2
Removed Pin From Net: NetName=0-48V Pin=J2-1
Removed Pin From Net: NetName=GND Pin=J2-2
Removed Pin From Net: NetName=5V Pin=J3-1
Removed Pin From Net: NetName=DIR_OUT_1 Pin=J3-2
Removed Pin From Net: NetName=5V Pin=J4-1
Removed Pin From Net: NetName=PUL_OUT_1 Pin=J4-2
Removed Pin From Net: NetName=5V Pin=J5-1
Removed Pin From Net: NetName=EN_OUT_1 Pin=J5-2
Removed Pin From Net: NetName=48V_MOTOR1 Pin=J6-1
Removed Pin From Net: NetName=GND Pin=J6-2
Removed Pin From Net: NetName=5V Pin=J7-1
Removed Pin From Net: NetName=DIR_OUT_2 Pin=J7-2
Removed Pin From Net: NetName=5V Pin=J8-1
Removed Pin From Net: NetName=PUL_OUT_2 Pin=J8-2
Removed Pin From Net: NetName=48V_MOTOR2 Pin=J9-1
Removed Pin From Net: NetName=GND Pin=J9-2
Removed Pin From Net: NetName=5V Pin=J10-1
Removed Pin From Net: NetName=EN_OUT_2 Pin=J10-2
Removed Pin From Net: NetName=48V Pin=J11-1
Removed Pin From Net: NetName=GND Pin=J11-2
Removed Pin From Net: NetName=WXY31_A_IN Pin=J12-1
Removed Pin From Net: NetName=WXY31_B_IN Pin=J12-2
Removed Pin From Net: NetName=GND Pin=J13-1
Removed Pin From Net: NetName=5V Pin=J13-2
Added Pin To Net: NetName=GND Pin=J1-1
Added Pin To Net: NetName=0-10V Pin=J1-2
Added Pin To Net: NetName=GND Pin=J2-1
Added Pin To Net: NetName=0-48V Pin=J2-2
Added Pin To Net: NetName=DIR_OUT_1 Pin=J3-1
Added Pin To Net: NetName=5V Pin=J3-2
Added Pin To Net: NetName=PUL_OUT_1 Pin=J4-1
Added Pin To Net: NetName=5V Pin=J4-2
Added Pin To Net: NetName=EN_OUT_1 Pin=J5-1
Added Pin To Net: NetName=5V Pin=J5-2
Added Pin To Net: NetName=GND Pin=J6-1
Added Pin To Net: NetName=48V_MOTOR1 Pin=J6-2
Added Pin To Net: NetName=DIR_OUT_2 Pin=J7-1
Added Pin To Net: NetName=5V Pin=J7-2
Added Pin To Net: NetName=PUL_OUT_2 Pin=J8-1
Added Pin To Net: NetName=5V Pin=J8-2
Added Pin To Net: NetName=GND Pin=J9-1
Added Pin To Net: NetName=48V_MOTOR2 Pin=J9-2
Added Pin To Net: NetName=EN_OUT_2 Pin=J10-1
Added Pin To Net: NetName=5V Pin=J10-2
Added Pin To Net: NetName=GND Pin=J11-1
Added Pin To Net: NetName=48V Pin=J11-2
Added Pin To Net: NetName=WXY31_B_IN Pin=J12-1
Added Pin To Net: NetName=WXY31_A_IN Pin=J12-2
Added Pin To Net: NetName=5V Pin=J13-1
Added Pin To Net: NetName=GND Pin=J13-2
